<?xml version="1.0" encoding="UTF-8"?>
<!-- Generated by org.testng.reporters.JUnitXMLReporter -->
<testsuite ignored="0" hostname="DESKTOP-6GDU2G7" failures="0" tests="5" name="nopcommerce_V5_Test_chrome" time="81.94" errors="0" timestamp="2022-01-12T18:50:00 IST">
  <testcase classname="com.nopcommerce_V5.testcases.TC1_LoginTest" name="loginTest1" time="11.054"/>
  <testcase classname="com.nopcommerce_V5.testcases.TC2_LoginTest" name="loginTest2" time="13.073"/>
  <testcase classname="com.nopcommerce_V5.testcases.TC2_LoginTest" name="loginTest2" time="11.305"/>
  <testcase classname="com.nopcommerce_V5.testcases.TC2_LoginTest" name="loginTest2" time="15.794"/>
  <testcase classname="com.nopcommerce_V5.testcases.TC2_LoginTest" name="loginTest2" time="16.704"/>
</testsuite> <!-- nopcommerce_V5_Test_chrome -->
