<?xml version="1.0" encoding="UTF-8"?>
<testng-results ignored="0" total="5" passed="5" failed="0" skipped="0">
  <reporter-output>
  </reporter-output>
  <suite started-at="2022-01-12T18:48:38 IST" name="nopcommerce_V5" finished-at="2022-01-12T18:50:00 IST" duration-ms="81940">
    <groups>
    </groups>
    <test started-at="2022-01-12T18:48:38 IST" name="nopcommerce_V5_Test_chrome" finished-at="2022-01-12T18:50:00 IST" duration-ms="81940">
      <class name="com.nopcommerce_V5.testcases.TC2_LoginTest">
        <test-method is-config="true" signature="setup(java.lang.String)[pri:0, instance:com.nopcommerce_V5.testcases.TC2_LoginTest@f0c8a99]" started-at="2022-01-12T18:48:58 IST" name="setup" finished-at="2022-01-12T18:49:00 IST" duration-ms="2371" status="PASS">
          <params>
            <param index="0">
              <value>
                <![CDATA[chrome]]>
              </value>
            </param>
          </params>
          <reporter-output>
          </reporter-output>
        </test-method> <!-- setup -->
        <test-method signature="loginTest2(java.lang.String,java.lang.String)[pri:0, instance:com.nopcommerce_V5.testcases.TC2_LoginTest@f0c8a99]" started-at="2022-01-12T18:49:02 IST" name="loginTest2" data-provider="data" finished-at="2022-01-12T18:49:15 IST" duration-ms="13073" status="PASS">
          <params>
            <param index="0">
              <value>
                <![CDATA[admin@yourstore.com]]>
              </value>
            </param>
            <param index="1">
              <value>
                <![CDATA[admin]]>
              </value>
            </param>
          </params>
          <reporter-output>
          </reporter-output>
        </test-method> <!-- loginTest2 -->
        <test-method signature="loginTest2(java.lang.String,java.lang.String)[pri:0, instance:com.nopcommerce_V5.testcases.TC2_LoginTest@f0c8a99]" started-at="2022-01-12T18:49:15 IST" name="loginTest2" data-provider="data" finished-at="2022-01-12T18:49:26 IST" duration-ms="11305" status="PASS">
          <params>
            <param index="0">
              <value>
                <![CDATA[admin@yourstore.com]]>
              </value>
            </param>
            <param index="1">
              <value>
                <![CDATA[admin]]>
              </value>
            </param>
          </params>
          <reporter-output>
          </reporter-output>
        </test-method> <!-- loginTest2 -->
        <test-method signature="loginTest2(java.lang.String,java.lang.String)[pri:0, instance:com.nopcommerce_V5.testcases.TC2_LoginTest@f0c8a99]" started-at="2022-01-12T18:49:26 IST" name="loginTest2" data-provider="data" finished-at="2022-01-12T18:49:42 IST" duration-ms="15794" status="PASS">
          <params>
            <param index="0">
              <value>
                <![CDATA[admin@yourstore.com]]>
              </value>
            </param>
            <param index="1">
              <value>
                <![CDATA[admin]]>
              </value>
            </param>
          </params>
          <reporter-output>
          </reporter-output>
        </test-method> <!-- loginTest2 -->
        <test-method signature="loginTest2(java.lang.String,java.lang.String)[pri:0, instance:com.nopcommerce_V5.testcases.TC2_LoginTest@f0c8a99]" started-at="2022-01-12T18:49:42 IST" name="loginTest2" data-provider="data" finished-at="2022-01-12T18:49:59 IST" duration-ms="16704" status="PASS">
          <params>
            <param index="0">
              <value>
                <![CDATA[admin@yourstore.com]]>
              </value>
            </param>
            <param index="1">
              <value>
                <![CDATA[admin]]>
              </value>
            </param>
          </params>
          <reporter-output>
          </reporter-output>
        </test-method> <!-- loginTest2 -->
        <test-method is-config="true" signature="tearDown()[pri:0, instance:com.nopcommerce_V5.testcases.TC2_LoginTest@f0c8a99]" started-at="2022-01-12T18:49:59 IST" name="tearDown" finished-at="2022-01-12T18:50:00 IST" duration-ms="628" status="PASS">
          <reporter-output>
          </reporter-output>
        </test-method> <!-- tearDown -->
      </class> <!-- com.nopcommerce_V5.testcases.TC2_LoginTest -->
      <class name="com.nopcommerce_V5.testcases.TC1_LoginTest">
        <test-method is-config="true" signature="setup(java.lang.String)[pri:0, instance:com.nopcommerce_V5.testcases.TC1_LoginTest@5ab956d7]" started-at="2022-01-12T18:48:38 IST" name="setup" finished-at="2022-01-12T18:48:46 IST" duration-ms="8307" status="PASS">
          <params>
            <param index="0">
              <value>
                <![CDATA[chrome]]>
              </value>
            </param>
          </params>
          <reporter-output>
          </reporter-output>
        </test-method> <!-- setup -->
        <test-method signature="loginTest1()[pri:0, instance:com.nopcommerce_V5.testcases.TC1_LoginTest@5ab956d7]" started-at="2022-01-12T18:48:46 IST" name="loginTest1" finished-at="2022-01-12T18:48:57 IST" duration-ms="11054" status="PASS">
          <reporter-output>
          </reporter-output>
        </test-method> <!-- loginTest1 -->
        <test-method is-config="true" signature="tearDown()[pri:0, instance:com.nopcommerce_V5.testcases.TC1_LoginTest@5ab956d7]" started-at="2022-01-12T18:48:57 IST" name="tearDown" finished-at="2022-01-12T18:48:58 IST" duration-ms="391" status="PASS">
          <reporter-output>
          </reporter-output>
        </test-method> <!-- tearDown -->
      </class> <!-- com.nopcommerce_V5.testcases.TC1_LoginTest -->
    </test> <!-- nopcommerce_V5_Test_chrome -->
  </suite> <!-- nopcommerce_V5 -->
</testng-results>
